This is pdfTeX, Version 3.14159265-2.6-1.40.17 (TeX Live 2016) (preloaded format=pdftex 2016.9.1)  20 JAN 2017 12:59
entering extended mode
 restricted \write18 enabled.
 file:line:error style messages enabled.
 %&-line parsing enabled.
**Assumptions.tex
(./Assumptions.tex
Runaway argument?
 \begin {align} P(X|\mathbf {\theta }_{b_i}, \, &i = 1, 2, \ldots , n\ETC.
./Assumptions.tex:18: Paragraph ended before \\ was complete.
<to be read again> 
                   \par 
l.18 
     
? 
./Assumptions.tex:18: Emergency stop.
<to be read again> 
                   \par 
l.18 
     
End of file on the terminal!

./Assumptions.tex:18:  ==> Fatal error occurred, no output PDF file produced!
